# JRE version: OpenJDK Runtime Environment (22.0.2+9) (build 22.0.2+9-70)
# Java VM: OpenJDK 64-Bit Server VM (22.0.2+9-70, mixed mode, emulated-client, sharing, tiered, compressed oops, compressed class ptrs, g1 gc, windows-amd64)
GC Precious Log:
 CardTable entry size: 512
 Card Set container configuration: InlinePtr #cards 5 size 8 Array Of Cards #cards 12 size 40 Howl #buckets 4 coarsen threshold 1843 Howl Bitmap #cards 512 size 80 coarsen threshold 460 Card regions per heap region 1 cards per card region 2048
 CPUs: 16 total, 16 available
 Memory: 5989M
 Large Page Support: Disabled
 NUMA Support: Disabled
 Compressed Oops: Enabled (32-bit)
 Heap Region Size: 1M
 Heap Min Capacity: 8M
 Heap Initial Capacity: 94M
 Heap Max Capacity: 1498M
 Pre-touch: Disabled
 Parallel Workers: 13
 Concurrent Workers: 3
 Concurrent Refinement Workers: 13
 Periodic GC: Disabled
Heap:
 garbage-first heap   total reserved 1533952K, committed 108544K, used 79036K [0x00000000a2600000, 0x0000000100000000)
  region size 1024K, 3 young (3072K), 3 survivors (3072K)
 Metaspace       used 75524K, committed 76416K, reserved 1114112K
  class space    used 10864K, committed 11264K, reserved 1048576K
GC Heap History (20 events):
Event: 20.787 GC heap after
{Heap after GC invocations=23 (full 0):
 garbage-first heap   total reserved 1533952K, committed 65536K, used 36126K [0x00000000a2600000, 0x0000000100000000)
  region size 1024K, 4 young (4096K), 4 survivors (4096K)
 Metaspace       used 70885K, committed 71552K, reserved 1114112K
  class space    used 10150K, committed 10432K, reserved 1048576K
}
Event: 20.979 GC heap before
{Heap before GC invocations=24 (full 0):
 garbage-first heap   total reserved 1533952K, committed 65536K, used 55582K [0x00000000a2600000, 0x0000000100000000)
  region size 1024K, 23 young (23552K), 4 survivors (4096K)
 Metaspace       used 71567K, committed 72256K, reserved 1114112K
  class space    used 10279K, committed 10560K, reserved 1048576K
}
Event: 20.982 GC heap after
{Heap after GC invocations=25 (full 0):
 garbage-first heap   total reserved 1533952K, committed 65536K, used 37271K [0x00000000a2600000, 0x0000000100000000)
  region size 1024K, 3 young (3072K), 3 survivors (3072K)
 Metaspace       used 71567K, committed 72256K, reserved 1114112K
  class space    used 10279K, committed 10560K, reserved 1048576K
}
Event: 21.177 GC heap before
{Heap before GC invocations=25 (full 0):
 garbage-first heap   total reserved 1533952K, committed 65536K, used 57751K [0x00000000a2600000, 0x0000000100000000)
  region size 1024K, 23 young (23552K), 3 survivors (3072K)
 Metaspace       used 72422K, committed 73152K, reserved 1114112K
  class space    used 10419K, committed 10688K, reserved 1048576K
}
Event: 21.181 GC heap after
{Heap after GC invocations=26 (full 0):
 garbage-first heap   total reserved 1533952K, committed 78848K, used 37797K [0x00000000a2600000, 0x0000000100000000)
  region size 1024K, 3 young (3072K), 3 survivors (3072K)
 Metaspace       used 72422K, committed 73152K, reserved 1114112K
  class space    used 10419K, committed 10688K, reserved 1048576K
}
Event: 21.446 GC heap before
{Heap before GC invocations=26 (full 0):
 garbage-first heap   total reserved 1533952K, committed 78848K, used 69541K [0x00000000a2600000, 0x0000000100000000)
  region size 1024K, 34 young (34816K), 3 survivors (3072K)
 Metaspace       used 73092K, committed 73856K, reserved 1114112K
  class space    used 10531K, committed 10880K, reserved 1048576K
}
Event: 21.450 GC heap after
{Heap after GC invocations=27 (full 0):
 garbage-first heap   total reserved 1533952K, committed 78848K, used 39370K [0x00000000a2600000, 0x0000000100000000)
  region size 1024K, 4 young (4096K), 4 survivors (4096K)
 Metaspace       used 73092K, committed 73856K, reserved 1114112K
  class space    used 10531K, committed 10880K, reserved 1048576K
}
Event: 21.699 GC heap before
{Heap before GC invocations=27 (full 0):
 garbage-first heap   total reserved 1533952K, committed 78848K, used 69066K [0x00000000a2600000, 0x0000000100000000)
  region size 1024K, 33 young (33792K), 4 survivors (4096K)
 Metaspace       used 74018K, committed 74816K, reserved 1114112K
  class space    used 10676K, committed 11072K, reserved 1048576K
}
Event: 21.704 GC heap after
{Heap after GC invocations=28 (full 0):
 garbage-first heap   total reserved 1533952K, committed 78848K, used 41064K [0x00000000a2600000, 0x0000000100000000)
  region size 1024K, 5 young (5120K), 5 survivors (5120K)
 Metaspace       used 74018K, committed 74816K, reserved 1114112K
  class space    used 10676K, committed 11072K, reserved 1048576K
}
Event: 21.943 GC heap before
{Heap before GC invocations=28 (full 0):
 garbage-first heap   total reserved 1533952K, committed 78848K, used 58472K [0x00000000a2600000, 0x0000000100000000)
  region size 1024K, 23 young (23552K), 5 survivors (5120K)
 Metaspace       used 75393K, committed 76224K, reserved 1114112K
  class space    used 10840K, committed 11200K, reserved 1048576K
}
Event: 21.947 GC heap after
{Heap after GC invocations=29 (full 0):
 garbage-first heap   total reserved 1533952K, committed 78848K, used 42410K [0x00000000a2600000, 0x0000000100000000)
  region size 1024K, 4 young (4096K), 4 survivors (4096K)
 Metaspace       used 75393K, committed 76224K, reserved 1114112K
  class space    used 10840K, committed 11200K, reserved 1048576K
}
Event: 22.003 GC heap before
{Heap before GC invocations=30 (full 0):
 garbage-first heap   total reserved 1533952K, committed 78848K, used 68010K [0x00000000a2600000, 0x0000000100000000)
  region size 1024K, 29 young (29696K), 4 survivors (4096K)
 Metaspace       used 75420K, committed 76224K, reserved 1114112K
  class space    used 10844K, committed 11200K, reserved 1048576K
}
Event: 22.040 GC heap after
{Heap after GC invocations=31 (full 0):
 garbage-first heap   total reserved 1533952K, committed 102400K, used 48895K [0x00000000a2600000, 0x0000000100000000)
  region size 1024K, 4 young (4096K), 4 survivors (4096K)
 Metaspace       used 75420K, committed 76224K, reserved 1114112K
  class space    used 10844K, committed 11200K, reserved 1048576K
}
Event: 22.143 GC heap before
{Heap before GC invocations=31 (full 0):
 garbage-first heap   total reserved 1533952K, committed 102400K, used 91903K [0x00000000a2600000, 0x0000000100000000)
  region size 1024K, 45 young (46080K), 4 survivors (4096K)
 Metaspace       used 75507K, committed 76352K, reserved 1114112K
  class space    used 10859K, committed 11264K, reserved 1048576K
}
Event: 22.151 GC heap after
{Heap after GC invocations=32 (full 0):
 garbage-first heap   total reserved 1533952K, committed 108544K, used 61131K [0x00000000a2600000, 0x0000000100000000)
  region size 1024K, 6 young (6144K), 6 survivors (6144K)
 Metaspace       used 75507K, committed 76352K, reserved 1114112K
  class space    used 10859K, committed 11264K, reserved 1048576K
}
Event: 22.187 GC heap before
{Heap before GC invocations=32 (full 0):
 garbage-first heap   total reserved 1533952K, committed 108544K, used 93899K [0x00000000a2600000, 0x0000000100000000)
  region size 1024K, 37 young (37888K), 6 survivors (6144K)
 Metaspace       used 75507K, committed 76352K, reserved 1114112K
  class space    used 10859K, committed 11264K, reserved 1048576K
}
Event: 22.194 GC heap after
{Heap after GC invocations=33 (full 0):
 garbage-first heap   total reserved 1533952K, committed 108544K, used 66560K [0x00000000a2600000, 0x0000000100000000)
  region size 1024K, 5 young (5120K), 5 survivors (5120K)
 Metaspace       used 75507K, committed 76352K, reserved 1114112K
  class space    used 10859K, committed 11264K, reserved 1048576K
}
Event: 22.241 GC heap before
{Heap before GC invocations=33 (full 0):
 garbage-first heap   total reserved 1533952K, committed 108544K, used 83968K [0x00000000a2600000, 0x0000000100000000)
  region size 1024K, 24 young (24576K), 5 survivors (5120K)
 Metaspace       used 75524K, committed 76416K, reserved 1114112K
  class space    used 10864K, committed 11264K, reserved 1048576K
}
Event: 22.247 GC heap after
{Heap after GC invocations=34 (full 0):
 garbage-first heap   total reserved 1533952K, committed 108544K, used 73930K [0x00000000a2600000, 0x0000000100000000)
  region size 1024K, 4 young (4096K), 4 survivors (4096K)
 Metaspace       used 75524K, committed 76416K, reserved 1114112K
  class space    used 10864K, committed 11264K, reserved 1048576K
}
Event: 22.267 GC heap before
{Heap before GC invocations=34 (full 0):
 garbage-first heap   total reserved 1533952K, committed 108544K, used 93386K [0x00000000a2600000, 0x0000000100000000)
  region size 1024K, 23 young (23552K), 4 survivors (4096K)
 Metaspace       used 75524K, committed 76416K, reserved 1114112K
  class space    used 10864K, committed 11264K, reserved 1048576K
}

