# JRE version: OpenJDK Runtime Environment (22.0.2+9) (build 22.0.2+9-70)
# Java VM: OpenJDK 64-Bit Server VM (22.0.2+9-70, mixed mode, emulated-client, sharing, tiered, compressed oops, compressed class ptrs, g1 gc, windows-amd64)
GC Precious Log:
 CardTable entry size: 512
 Card Set container configuration: InlinePtr #cards 5 size 8 Array Of Cards #cards 12 size 40 Howl #buckets 4 coarsen threshold 1843 Howl Bitmap #cards 512 size 80 coarsen threshold 460 Card regions per heap region 1 cards per card region 2048
 CPUs: 16 total, 16 available
 Memory: 5989M
 Large Page Support: Disabled
 NUMA Support: Disabled
 Compressed Oops: Enabled (32-bit)
 Heap Region Size: 1M
 Heap Min Capacity: 8M
 Heap Initial Capacity: 94M
 Heap Max Capacity: 1498M
 Pre-touch: Disabled
 Parallel Workers: 13
 Concurrent Workers: 3
 Concurrent Refinement Workers: 13
 Periodic GC: Disabled
Heap:
 garbage-first heap   total reserved 1533952K, committed 109568K, used 67584K [0x00000000a2600000, 0x0000000100000000)
  region size 1024K, 3 young (3072K), 3 survivors (3072K)
 Metaspace       used 75511K, committed 76416K, reserved 1114112K
  class space    used 10859K, committed 11264K, reserved 1048576K
GC Heap History (20 events):
Event: 18.443 GC heap after
{Heap after GC invocations=21 (full 0):
 garbage-first heap   total reserved 1533952K, committed 61440K, used 37010K [0x00000000a2600000, 0x0000000100000000)
  region size 1024K, 3 young (3072K), 3 survivors (3072K)
 Metaspace       used 71313K, committed 72064K, reserved 1114112K
  class space    used 10248K, committed 10560K, reserved 1048576K
}
Event: 18.570 GC heap before
{Heap before GC invocations=21 (full 0):
 garbage-first heap   total reserved 1533952K, committed 61440K, used 54418K [0x00000000a2600000, 0x0000000100000000)
  region size 1024K, 20 young (20480K), 3 survivors (3072K)
 Metaspace       used 71842K, committed 72576K, reserved 1114112K
  class space    used 10324K, committed 10624K, reserved 1048576K
}
Event: 18.573 GC heap after
{Heap after GC invocations=22 (full 0):
 garbage-first heap   total reserved 1533952K, committed 73728K, used 37813K [0x00000000a2600000, 0x0000000100000000)
  region size 1024K, 3 young (3072K), 3 survivors (3072K)
 Metaspace       used 71842K, committed 72576K, reserved 1114112K
  class space    used 10324K, committed 10624K, reserved 1048576K
}
Event: 18.810 GC heap before
{Heap before GC invocations=22 (full 0):
 garbage-first heap   total reserved 1533952K, committed 73728K, used 64437K [0x00000000a2600000, 0x0000000100000000)
  region size 1024K, 29 young (29696K), 3 survivors (3072K)
 Metaspace       used 72773K, committed 73472K, reserved 1114112K
  class space    used 10477K, committed 10752K, reserved 1048576K
}
Event: 18.812 GC heap after
{Heap after GC invocations=23 (full 0):
 garbage-first heap   total reserved 1533952K, committed 73728K, used 38726K [0x00000000a2600000, 0x0000000100000000)
  region size 1024K, 2 young (2048K), 2 survivors (2048K)
 Metaspace       used 72773K, committed 73472K, reserved 1114112K
  class space    used 10477K, committed 10752K, reserved 1048576K
}
Event: 19.014 GC heap before
{Heap before GC invocations=23 (full 0):
 garbage-first heap   total reserved 1533952K, committed 73728K, used 66374K [0x00000000a2600000, 0x0000000100000000)
  region size 1024K, 29 young (29696K), 2 survivors (2048K)
 Metaspace       used 73398K, committed 74176K, reserved 1114112K
  class space    used 10578K, committed 10880K, reserved 1048576K
}
Event: 19.017 GC heap after
{Heap after GC invocations=24 (full 0):
 garbage-first heap   total reserved 1533952K, committed 73728K, used 40365K [0x00000000a2600000, 0x0000000100000000)
  region size 1024K, 4 young (4096K), 4 survivors (4096K)
 Metaspace       used 73398K, committed 74176K, reserved 1114112K
  class space    used 10578K, committed 10880K, reserved 1048576K
}
Event: 19.221 GC heap before
{Heap before GC invocations=24 (full 0):
 garbage-first heap   total reserved 1533952K, committed 73728K, used 62893K [0x00000000a2600000, 0x0000000100000000)
  region size 1024K, 27 young (27648K), 4 survivors (4096K)
 Metaspace       used 74496K, committed 75200K, reserved 1114112K
  class space    used 10734K, committed 11008K, reserved 1048576K
}
Event: 19.225 GC heap after
{Heap after GC invocations=25 (full 0):
 garbage-first heap   total reserved 1533952K, committed 73728K, used 41809K [0x00000000a2600000, 0x0000000100000000)
  region size 1024K, 4 young (4096K), 4 survivors (4096K)
 Metaspace       used 74496K, committed 75200K, reserved 1114112K
  class space    used 10734K, committed 11008K, reserved 1048576K
}
Event: 19.402 GC heap before
{Heap before GC invocations=26 (full 0):
 garbage-first heap   total reserved 1533952K, committed 73728K, used 63313K [0x00000000a2600000, 0x0000000100000000)
  region size 1024K, 25 young (25600K), 4 survivors (4096K)
 Metaspace       used 75418K, committed 76224K, reserved 1114112K
  class space    used 10845K, committed 11200K, reserved 1048576K
}
Event: 19.406 GC heap after
{Heap after GC invocations=27 (full 0):
 garbage-first heap   total reserved 1533952K, committed 73728K, used 45499K [0x00000000a2600000, 0x0000000100000000)
  region size 1024K, 4 young (4096K), 4 survivors (4096K)
 Metaspace       used 75418K, committed 76224K, reserved 1114112K
  class space    used 10845K, committed 11200K, reserved 1048576K
}
Event: 19.429 GC heap before
{Heap before GC invocations=27 (full 0):
 garbage-first heap   total reserved 1533952K, committed 73728K, used 62907K [0x00000000a2600000, 0x0000000100000000)
  region size 1024K, 22 young (22528K), 4 survivors (4096K)
 Metaspace       used 75418K, committed 76224K, reserved 1114112K
  class space    used 10845K, committed 11200K, reserved 1048576K
}
Event: 19.434 GC heap after
{Heap after GC invocations=28 (full 0):
 garbage-first heap   total reserved 1533952K, committed 89088K, used 47639K [0x00000000a2600000, 0x0000000100000000)
  region size 1024K, 3 young (3072K), 3 survivors (3072K)
 Metaspace       used 75418K, committed 76224K, reserved 1114112K
  class space    used 10845K, committed 11200K, reserved 1048576K
}
Event: 19.524 GC heap before
{Heap before GC invocations=28 (full 0):
 garbage-first heap   total reserved 1533952K, committed 89088K, used 79383K [0x00000000a2600000, 0x0000000100000000)
  region size 1024K, 34 young (34816K), 3 survivors (3072K)
 Metaspace       used 75511K, committed 76416K, reserved 1114112K
  class space    used 10859K, committed 11264K, reserved 1048576K
}
Event: 19.529 GC heap after
{Heap after GC invocations=29 (full 0):
 garbage-first heap   total reserved 1533952K, committed 93184K, used 57021K [0x00000000a2600000, 0x0000000100000000)
  region size 1024K, 5 young (5120K), 5 survivors (5120K)
 Metaspace       used 75511K, committed 76416K, reserved 1114112K
  class space    used 10859K, committed 11264K, reserved 1048576K
}
Event: 19.537 GC heap before
{Heap before GC invocations=29 (full 0):
 garbage-first heap   total reserved 1533952K, committed 93184K, used 59069K [0x00000000a2600000, 0x0000000100000000)
  region size 1024K, 8 young (8192K), 5 survivors (5120K)
 Metaspace       used 75511K, committed 76416K, reserved 1114112K
  class space    used 10859K, committed 11264K, reserved 1048576K
}
Event: 19.540 GC heap after
{Heap after GC invocations=30 (full 0):
 garbage-first heap   total reserved 1533952K, committed 93184K, used 59254K [0x00000000a2600000, 0x0000000100000000)
  region size 1024K, 2 young (2048K), 2 survivors (2048K)
 Metaspace       used 75511K, committed 76416K, reserved 1114112K
  class space    used 10859K, committed 11264K, reserved 1048576K
}
Event: 19.563 GC heap before
{Heap before GC invocations=30 (full 0):
 garbage-first heap   total reserved 1533952K, committed 93184K, used 81782K [0x00000000a2600000, 0x0000000100000000)
  region size 1024K, 23 young (23552K), 2 survivors (2048K)
 Metaspace       used 75511K, committed 76416K, reserved 1114112K
  class space    used 10859K, committed 11264K, reserved 1048576K
}
Event: 19.565 GC heap after
{Heap after GC invocations=31 (full 0):
 garbage-first heap   total reserved 1533952K, committed 93184K, used 64422K [0x00000000a2600000, 0x0000000100000000)
  region size 1024K, 3 young (3072K), 3 survivors (3072K)
 Metaspace       used 75511K, committed 76416K, reserved 1114112K
  class space    used 10859K, committed 11264K, reserved 1048576K
}
Event: 19.592 GC heap before
{Heap before GC invocations=32 (full 0):
 garbage-first heap   total reserved 1533952K, committed 109568K, used 82854K [0x00000000a2600000, 0x0000000100000000)
  region size 1024K, 21 young (21504K), 3 survivors (3072K)
 Metaspace       used 75511K, committed 76416K, reserved 1114112K
  class space    used 10859K, committed 11264K, reserved 1048576K
}

